#
# There is insufficient memory for the Java Runtime Environment to continue.
# Native memory allocation (malloc) failed to allocate 32744 bytes for ChunkPool::allocate
# Possible reasons:
#   The system is out of physical RAM or swap space
#   The process is running with CompressedOops enabled, and the Java Heap may be blocking the growth of the native heap
# Possible solutions:
#   Reduce memory load on the system
#   Increase physical memory or swap space
#   Check if swap backing store is full
#   Decrease Java heap size (-Xmx/-Xms)
#   Decrease number of Java threads
#   Decrease Java thread stack sizes (-Xss)
#   Set larger code cache with -XX:ReservedCodeCacheSize=
#   JVM is running with Unscaled Compressed Oops mode in which the Java heap is
#     placed in the first 4GB address space. The Java Heap base address is the
#     maximum limit for the native heap growth. Please use -XX:HeapBaseMinAddress
#     to set the Java Heap base and to place the Java Heap above 4GB virtual address.
# This output file may be truncated or incomplete.
#
#  Out of Memory Error (./src/hotspot/share/memory/arena.cpp:81), pid=8136, tid=10904
#
# JRE version: OpenJDK Runtime Environment JBR-11.0.9.1.11-1145.77-jcef (11.0.9.1+11) (build 11.0.9.1+11-b1145.77)
# Java VM: OpenJDK 64-Bit Server VM JBR-11.0.9.1.11-1145.77-jcef (11.0.9.1+11-b1145.77, mixed mode, tiered, compressed oops, g1 gc, windows-amd64)
# No core dump will be written. Minidumps are not enabled by default on client versions of Windows
#

---------------  S U M M A R Y ------------

Command Line: org.jetbrains.git4idea.http.GitAskPassApp Username for 'https://github.com': 

Host: Intel(R) Core(TM) i3-1005G1 CPU @ 1.20GHz, 4 cores, 7G,  Windows 10 , 64 bit Build 19041 (10.0.19041.804)
Time: Wed Mar 17 10:52:41 2021 West Asia Standard Time elapsed time: 0.049111 seconds (0d 0h 0m 0s)

---------------  T H R E A D  ---------------

Current thread (0x000002a6ce8dc800):  JavaThread "main" [_thread_in_vm, id=10904, stack(0x000000c266a00000,0x000000c266b00000)]

Stack: [0x000000c266a00000,0x000000c266b00000]
Native frames: (J=compiled Java code, j=interpreted, Vv=VM code, C=native code)
V  [jvm.dll+0x5edd9a]
V  [jvm.dll+0x7229c5]
V  [jvm.dll+0x723f1d]
V  [jvm.dll+0x7245d3]
V  [jvm.dll+0x2431b8]
V  [jvm.dll+0xbc59b]
V  [jvm.dll+0xbc84c]
V  [jvm.dll+0x649e17]
V  [jvm.dll+0x64b1ab]
V  [jvm.dll+0x361c13]
V  [jvm.dll+0x35ee22]
V  [jvm.dll+0x35e134]
V  [jvm.dll+0x35e0d8]
V  [jvm.dll+0x4e8ff2]
V  [jvm.dll+0x4e85c4]
V  [jvm.dll+0x4e7f7d]
V  [jvm.dll+0x36f7c0]
V  [jvm.dll+0x36f058]
C  0x000002a6d3ced418

Java frames: (J=compiled Java code, j=interpreted, Vv=VM code)
j  java.lang.Integer.parseInt(Ljava/lang/String;I)I+188 java.base
j  java.lang.Integer.parseInt(Ljava/lang/String;)I+3 java.base
j  java.lang.invoke.MethodHandleStatics.<clinit>()V+78 java.base
v  ~StubRoutines::call_stub
j  java.lang.invoke.MethodHandle.<clinit>()V+16 java.base
v  ~StubRoutines::call_stub

---------------  P R O C E S S  ---------------

Threads class SMR info:
_java_thread_list=0x000002a6ea3856e0, length=8, elements={
0x000002a6ce8dc800, 0x000002a6ea386000, 0x000002a6ea387800, 0x000002a6ead07000,
0x000002a6ead0a000, 0x000002a6ead0c800, 0x000002a6ead0f800, 0x000002a6ea3a3800
}

Java Threads: ( => current thread )
=>0x000002a6ce8dc800 JavaThread "main" [_thread_in_vm, id=10904, stack(0x000000c266a00000,0x000000c266b00000)]
  0x000002a6ea386000 JavaThread "Reference Handler" daemon [_thread_blocked, id=14216, stack(0x000000c267100000,0x000000c267200000)]
  0x000002a6ea387800 JavaThread "Finalizer" daemon [_thread_blocked, id=14516, stack(0x000000c267200000,0x000000c267300000)]
  0x000002a6ead07000 JavaThread "Signal Dispatcher" daemon [_thread_blocked, id=14048, stack(0x000000c267300000,0x000000c267400000)]
  0x000002a6ead0a000 JavaThread "Attach Listener" daemon [_thread_blocked, id=9348, stack(0x000000c267400000,0x000000c267500000)]
  0x000002a6ead0c800 JavaThread "C2 CompilerThread0" daemon [_thread_blocked, id=2464, stack(0x000000c267500000,0x000000c267600000)]
  0x000002a6ead0f800 JavaThread "C1 CompilerThread0" daemon [_thread_blocked, id=12124, stack(0x000000c267600000,0x000000c267700000)]
  0x000002a6ea3a3800 JavaThread "Sweeper thread" daemon [_thread_blocked, id=6732, stack(0x000000c267700000,0x000000c267800000)]

Other Threads:
  0x000002a6ea341000 VMThread "VM Thread" [stack: 0x000000c267000000,0x000000c267100000] [id=9416]
  0x000002a6ce8f4000 GCTaskThread "GC Thread#0" [stack: 0x000000c266b00000,0x000000c266c00000] [id=14352]
  0x000002a6ce925800 ConcurrentGCThread "G1 Main Marker" [stack: 0x000000c266c00000,0x000000c266d00000] [id=13476]
  0x000002a6ce927800 ConcurrentGCThread "G1 Conc#0" [stack: 0x000000c266d00000,0x000000c266e00000] [id=14288]
  0x000002a6ce9ba000 ConcurrentGCThread "G1 Refine#0" [stack: 0x000000c266e00000,0x000000c266f00000] [id=5336]
  0x000002a6ce9bb000 ConcurrentGCThread "G1 Young RemSet Sampling" [stack: 0x000000c266f00000,0x000000c267000000] [id=14912]

Threads with active compile tasks:

VM state:not at safepoint (normal execution)

VM Mutex/Monitor currently owned by a thread: None

Heap address: 0x0000000083400000, size: 1996 MB, Compressed Oops mode: 32-bit
Narrow klass base: 0x0000000000000000, Narrow klass shift: 3
Compressed class space size: 1073741824 Address: 0x0000000100000000

Heap:
 garbage-first heap   total 129024K, used 0K [0x0000000083400000, 0x0000000100000000)
  region size 1024K, 1 young (1024K), 0 survivors (0K)
 Metaspace       used 2312K, capacity 4480K, committed 4480K, reserved 1056768K
  class space    used 192K, capacity 384K, committed 384K, reserved 1048576K
Heap Regions: E=young(eden), S=young(survivor), O=old, HS=humongous(starts), HC=humongous(continues), CS=collection set, F=free, A=archive, TAMS=top-at-mark-start (previous, next)
|   0|0x0000000083400000, 0x0000000083400000, 0x0000000083500000|  0%| F|  |TAMS 0x0000000083400000, 0x0000000083400000| Untracked 
|   1|0x0000000083500000, 0x0000000083500000, 0x0000000083600000|  0%| F|  |TAMS 0x0000000083500000, 0x0000000083500000| Untracked 
|   2|0x0000000083600000, 0x0000000083600000, 0x0000000083700000|  0%| F|  |TAMS 0x0000000083600000, 0x0000000083600000| Untracked 
|   3|0x0000000083700000, 0x0000000083700000, 0x0000000083800000|  0%| F|  |TAMS 0x0000000083700000, 0x0000000083700000| Untracked 
|   4|0x0000000083800000, 0x0000000083800000, 0x0000000083900000|  0%| F|  |TAMS 0x0000000083800000, 0x0000000083800000| Untracked 
|   5|0x0000000083900000, 0x0000000083900000, 0x0000000083a00000|  0%| F|  |TAMS 0x0000000083900000, 0x0000000083900000| Untracked 
|   6|0x0000000083a00000, 0x0000000083a00000, 0x0000000083b00000|  0%| F|  |TAMS 0x0000000083a00000, 0x0000000083a00000| Untracked 
|   7|0x0000000083b00000, 0x0000000083b00000, 0x0000000083c00000|  0%| F|  |TAMS 0x0000000083b00000, 0x0000000083b00000| Untracked 
|   8|0x0000000083c00000, 0x0000000083c00000, 0x0000000083d00000|  0%| F|  |TAMS 0x0000000083c00000, 0x0000000083c00000| Untracked 
|   9|0x0000000083d00000, 0x0000000083d00000, 0x0000000083e00000|  0%| F|  |TAMS 0x0000000083d00000, 0x0000000083d00000| Untracked 
|  10|0x0000000083e00000, 0x0000000083e00000, 0x0000000083f00000|  0%| F|  |TAMS 0x0000000083e00000, 0x0000000083e00000| Untracked 
|  11|0x0000000083f00000, 0x0000000083f00000, 0x0000000084000000|  0%| F|  |TAMS 0x0000000083f00000, 0x0000000083f00000| Untracked 
|  12|0x0000000084000000, 0x0000000084000000, 0x0000000084100000|  0%| F|  |TAMS 0x0000000084000000, 0x0000000084000000| Untracked 
|  13|0x0000000084100000, 0x0000000084100000, 0x0000000084200000|  0%| F|  |TAMS 0x0000000084100000, 0x0000000084100000| Untracked 
|  14|0x0000000084200000, 0x0000000084200000, 0x0000000084300000|  0%| F|  |TAMS 0x0000000084200000, 0x0000000084200000| Untracked 
|  15|0x0000000084300000, 0x0000000084300000, 0x0000000084400000|  0%| F|  |TAMS 0x0000000084300000, 0x0000000084300000| Untracked 
|  16|0x0000000084400000, 0x0000000084400000, 0x0000000084500000|  0%| F|  |TAMS 0x0000000084400000, 0x0000000084400000| Untracked 
|  17|0x0000000084500000, 0x0000000084500000, 0x0000000084600000|  0%| F|  |TAMS 0x0000000084500000, 0x0000000084500000| Untracked 
|  18|0x0000000084600000, 0x0000000084600000, 0x0000000084700000|  0%| F|  |TAMS 0x0000000084600000, 0x0000000084600000| Untracked 
|  19|0x0000000084700000, 0x0000000084700000, 0x0000000084800000|  0%| F|  |TAMS 0x0000000084700000, 0x0000000084700000| Untracked 
|  20|0x0000000084800000, 0x0000000084800000, 0x0000000084900000|  0%| F|  |TAMS 0x0000000084800000, 0x0000000084800000| Untracked 
|  21|0x0000000084900000, 0x0000000084900000, 0x0000000084a00000|  0%| F|  |TAMS 0x0000000084900000, 0x0000000084900000| Untracked 
|  22|0x0000000084a00000, 0x0000000084a00000, 0x0000000084b00000|  0%| F|  |TAMS 0x0000000084a00000, 0x0000000084a00000| Untracked 
|  23|0x0000000084b00000, 0x0000000084b00000, 0x0000000084c00000|  0%| F|  |TAMS 0x0000000084b00000, 0x0000000084b00000| Untracked 
|  24|0x0000000084c00000, 0x0000000084c00000, 0x0000000084d00000|  0%| F|  |TAMS 0x0000000084c00000, 0x0000000084c00000| Untracked 
|  25|0x0000000084d00000, 0x0000000084d00000, 0x0000000084e00000|  0%| F|  |TAMS 0x0000000084d00000, 0x0000000084d00000| Untracked 
|  26|0x0000000084e00000, 0x0000000084e00000, 0x0000000084f00000|  0%| F|  |TAMS 0x0000000084e00000, 0x0000000084e00000| Untracked 
|  27|0x0000000084f00000, 0x0000000084f00000, 0x0000000085000000|  0%| F|  |TAMS 0x0000000084f00000, 0x0000000084f00000| Untracked 
|  28|0x0000000085000000, 0x0000000085000000, 0x0000000085100000|  0%| F|  |TAMS 0x0000000085000000, 0x0000000085000000| Untracked 
|  29|0x0000000085100000, 0x0000000085100000, 0x0000000085200000|  0%| F|  |TAMS 0x0000000085100000, 0x0000000085100000| Untracked 
|  30|0x0000000085200000, 0x0000000085200000, 0x0000000085300000|  0%| F|  |TAMS 0x0000000085200000, 0x0000000085200000| Untracked 
|  31|0x0000000085300000, 0x0000000085300000, 0x0000000085400000|  0%| F|  |TAMS 0x0000000085300000, 0x0000000085300000| Untracked 
|  32|0x0000000085400000, 0x0000000085400000, 0x0000000085500000|  0%| F|  |TAMS 0x0000000085400000, 0x0000000085400000| Untracked 
|  33|0x0000000085500000, 0x0000000085500000, 0x0000000085600000|  0%| F|  |TAMS 0x0000000085500000, 0x0000000085500000| Untracked 
|  34|0x0000000085600000, 0x0000000085600000, 0x0000000085700000|  0%| F|  |TAMS 0x0000000085600000, 0x0000000085600000| Untracked 
|  35|0x0000000085700000, 0x0000000085700000, 0x0000000085800000|  0%| F|  |TAMS 0x0000000085700000, 0x0000000085700000| Untracked 
|  36|0x0000000085800000, 0x0000000085800000, 0x0000000085900000|  0%| F|  |TAMS 0x0000000085800000, 0x0000000085800000| Untracked 
|  37|0x0000000085900000, 0x0000000085900000, 0x0000000085a00000|  0%| F|  |TAMS 0x0000000085900000, 0x0000000085900000| Untracked 
|  38|0x0000000085a00000, 0x0000000085a00000, 0x0000000085b00000|  0%| F|  |TAMS 0x0000000085a00000, 0x0000000085a00000| Untracked 
|  39|0x0000000085b00000, 0x0000000085b00000, 0x0000000085c00000|  0%| F|  |TAMS 0x0000000085b00000, 0x0000000085b00000| Untracked 
|  40|0x0000000085c00000, 0x0000000085c00000, 0x0000000085d00000|  0%| F|  |TAMS 0x0000000085c00000, 0x0000000085c00000| Untracked 
|  41|0x0000000085d00000, 0x0000000085d00000, 0x0000000085e00000|  0%| F|  |TAMS 0x0000000085d00000, 0x0000000085d00000| Untracked 
|  42|0x0000000085e00000, 0x0000000085e00000, 0x0000000085f00000|  0%| F|  |TAMS 0x0000000085e00000, 0x0000000085e00000| Untracked 
|  43|0x0000000085f00000, 0x0000000085f00000, 0x0000000086000000|  0%| F|  |TAMS 0x0000000085f00000, 0x0000000085f00000| Untracked 
|  44|0x0000000086000000, 0x0000000086000000, 0x0000000086100000|  0%| F|  |TAMS 0x0000000086000000, 0x0000000086000000| Untracked 
|  45|0x0000000086100000, 0x0000000086100000, 0x0000000086200000|  0%| F|  |TAMS 0x0000000086100000, 0x0000000086100000| Untracked 
|  46|0x0000000086200000, 0x0000000086200000, 0x0000000086300000|  0%| F|  |TAMS 0x0000000086200000, 0x0000000086200000| Untracked 
|  47|0x0000000086300000, 0x0000000086300000, 0x0000000086400000|  0%| F|  |TAMS 0x0000000086300000, 0x0000000086300000| Untracked 
|  48|0x0000000086400000, 0x0000000086400000, 0x0000000086500000|  0%| F|  |TAMS 0x0000000086400000, 0x0000000086400000| Untracked 
|  49|0x0000000086500000, 0x0000000086500000, 0x0000000086600000|  0%| F|  |TAMS 0x0000000086500000, 0x0000000086500000| Untracked 
|  50|0x0000000086600000, 0x0000000086600000, 0x0000000086700000|  0%| F|  |TAMS 0x0000000086600000, 0x0000000086600000| Untracked 
|  51|0x0000000086700000, 0x0000000086700000, 0x0000000086800000|  0%| F|  |TAMS 0x0000000086700000, 0x0000000086700000| Untracked 
|  52|0x0000000086800000, 0x0000000086800000, 0x0000000086900000|  0%| F|  |TAMS 0x0000000086800000, 0x0000000086800000| Untracked 
|  53|0x0000000086900000, 0x0000000086900000, 0x0000000086a00000|  0%| F|  |TAMS 0x0000000086900000, 0x0000000086900000| Untracked 
|  54|0x0000000086a00000, 0x0000000086a00000, 0x0000000086b00000|  0%| F|  |TAMS 0x0000000086a00000, 0x0000000086a00000| Untracked 
|  55|0x0000000086b00000, 0x0000000086b00000, 0x0000000086c00000|  0%| F|  |TAMS 0x0000000086b00000, 0x0000000086b00000| Untracked 
|  56|0x0000000086c00000, 0x0000000086c00000, 0x0000000086d00000|  0%| F|  |TAMS 0x0000000086c00000, 0x0000000086c00000| Untracked 
|  57|0x0000000086d00000, 0x0000000086d00000, 0x0000000086e00000|  0%| F|  |TAMS 0x0000000086d00000, 0x0000000086d00000| Untracked 
|  58|0x0000000086e00000, 0x0000000086e00000, 0x0000000086f00000|  0%| F|  |TAMS 0x0000000086e00000, 0x0000000086e00000| Untracked 
|  59|0x0000000086f00000, 0x0000000086f00000, 0x0000000087000000|  0%| F|  |TAMS 0x0000000086f00000, 0x0000000086f00000| Untracked 
|  60|0x0000000087000000, 0x0000000087000000, 0x0000000087100000|  0%| F|  |TAMS 0x0000000087000000, 0x0000000087000000| Untracked 
|  61|0x0000000087100000, 0x0000000087100000, 0x0000000087200000|  0%| F|  |TAMS 0x0000000087100000, 0x0000000087100000| Untracked 
|  62|0x0000000087200000, 0x0000000087200000, 0x0000000087300000|  0%| F|  |TAMS 0x0000000087200000, 0x0000000087200000| Untracked 
|  63|0x0000000087300000, 0x0000000087300000, 0x0000000087400000|  0%| F|  |TAMS 0x0000000087300000, 0x0000000087300000| Untracked 
|  64|0x0000000087400000, 0x0000000087400000, 0x0000000087500000|  0%| F|  |TAMS 0x0000000087400000, 0x0000000087400000| Untracked 
|  65|0x0000000087500000, 0x0000000087500000, 0x0000000087600000|  0%| F|  |TAMS 0x0000000087500000, 0x0000000087500000| Untracked 
|  66|0x0000000087600000, 0x0000000087600000, 0x0000000087700000|  0%| F|  |TAMS 0x0000000087600000, 0x0000000087600000| Untracked 
|  67|0x0000000087700000, 0x0000000087700000, 0x0000000087800000|  0%| F|  |TAMS 0x0000000087700000, 0x0000000087700000| Untracked 
|  68|0x0000000087800000, 0x0000000087800000, 0x0000000087900000|  0%| F|  |TAMS 0x0000000087800000, 0x0000000087800000| Untracked 
|  69|0x0000000087900000, 0x0000000087900000, 0x0000000087a00000|  0%| F|  |TAMS 0x0000000087900000, 0x0000000087900000| Untracked 
|  70|0x0000000087a00000, 0x0000000087a00000, 0x0000000087b00000|  0%| F|  |TAMS 0x0000000087a00000, 0x0000000087a00000| Untracked 
|  71|0x0000000087b00000, 0x0000000087b00000, 0x0000000087c00000|  0%| F|  |TAMS 0x0000000087b00000, 0x0000000087b00000| Untracked 
|  72|0x0000000087c00000, 0x0000000087c00000, 0x0000000087d00000|  0%| F|  |TAMS 0x0000000087c00000, 0x0000000087c00000| Untracked 
|  73|0x0000000087d00000, 0x0000000087d00000, 0x0000000087e00000|  0%| F|  |TAMS 0x0000000087d00000, 0x0000000087d00000| Untracked 
|  74|0x0000000087e00000, 0x0000000087e00000, 0x0000000087f00000|  0%| F|  |TAMS 0x0000000087e00000, 0x0000000087e00000| Untracked 
|  75|0x0000000087f00000, 0x0000000087f00000, 0x0000000088000000|  0%| F|  |TAMS 0x0000000087f00000, 0x0000000087f00000| Untracked 
|  76|0x0000000088000000, 0x0000000088000000, 0x0000000088100000|  0%| F|  |TAMS 0x0000000088000000, 0x0000000088000000| Untracked 
|  77|0x0000000088100000, 0x0000000088100000, 0x0000000088200000|  0%| F|  |TAMS 0x0000000088100000, 0x0000000088100000| Untracked 
|  78|0x0000000088200000, 0x0000000088200000, 0x0000000088300000|  0%| F|  |TAMS 0x0000000088200000, 0x0000000088200000| Untracked 
|  79|0x0000000088300000, 0x0000000088300000, 0x0000000088400000|  0%| F|  |TAMS 0x0000000088300000, 0x0000000088300000| Untracked 
|  80|0x0000000088400000, 0x0000000088400000, 0x0000000088500000|  0%| F|  |TAMS 0x0000000088400000, 0x0000000088400000| Untracked 
|  81|0x0000000088500000, 0x0000000088500000, 0x0000000088600000|  0%| F|  |TAMS 0x0000000088500000, 0x0000000088500000| Untracked 
|  82|0x0000000088600000, 0x0000000088600000, 0x0000000088700000|  0%| F|  |TAMS 0x0000000088600000, 0x0000000088600000| Untracked 
|  83|0x0000000088700000, 0x0000000088700000, 0x0000000088800000|  0%| F|  |TAMS 0x0000000088700000, 0x0000000088700000| Untracked 
|  84|0x0000000088800000, 0x0000000088800000, 0x0000000088900000|  0%| F|  |TAMS 0x0000000088800000, 0x0000000088800000| Untracked 
|  85|0x0000000088900000, 0x0000000088900000, 0x0000000088a00000|  0%| F|  |TAMS 0x0000000088900000, 0x0000000088900000| Untracked 
|  86|0x0000000088a00000, 0x0000000088a00000, 0x0000000088b00000|  0%| F|  |TAMS 0x0000000088a00000, 0x0000000088a00000| Untracked 
|  87|0x0000000088b00000, 0x0000000088b00000, 0x0000000088c00000|  0%| F|  |TAMS 0x0000000088b00000, 0x0000000088b00000| Untracked 
|  88|0x0000000088c00000, 0x0000000088c00000, 0x0000000088d00000|  0%| F|  |TAMS 0x0000000088c00000, 0x0000000088c00000| Untracked 
|  89|0x0000000088d00000, 0x0000000088d00000, 0x0000000088e00000|  0%| F|  |TAMS 0x0000000088d00000, 0x0000000088d00000| Untracked 
|  90|0x0000000088e00000, 0x0000000088e00000, 0x0000000088f00000|  0%| F|  |TAMS 0x0000000088e00000, 0x0000000088e00000| Untracked 
|  91|0x0000000088f00000, 0x0000000088f00000, 0x0000000089000000|  0%| F|  |TAMS 0x0000000088f00000, 0x0000000088f00000| Untracked 
|  92|0x0000000089000000, 0x0000000089000000, 0x0000000089100000|  0%| F|  |TAMS 0x0000000089000000, 0x0000000089000000| Untracked 
|  93|0x0000000089100000, 0x0000000089100000, 0x0000000089200000|  0%| F|  |TAMS 0x0000000089100000, 0x0000000089100000| Untracked 
|  94|0x0000000089200000, 0x0000000089200000, 0x0000000089300000|  0%| F|  |TAMS 0x0000000089200000, 0x0000000089200000| Untracked 
|  95|0x0000000089300000, 0x0000000089300000, 0x0000000089400000|  0%| F|  |TAMS 0x0000000089300000, 0x0000000089300000| Untracked 
|  96|0x0000000089400000, 0x0000000089400000, 0x0000000089500000|  0%| F|  |TAMS 0x0000000089400000, 0x0000000089400000| Untracked 
|  97|0x0000000089500000, 0x0000000089500000, 0x0000000089600000|  0%| F|  |TAMS 0x0000000089500000, 0x0000000089500000| Untracked 
|  98|0x0000000089600000, 0x0000000089600000, 0x0000000089700000|  0%| F|  |TAMS 0x0000000089600000, 0x0000000089600000| Untracked 
|  99|0x0000000089700000, 0x0000000089700000, 0x0000000089800000|  0%| F|  |TAMS 0x0000000089700000, 0x0000000089700000| Untracked 
| 100|0x0000000089800000, 0x0000000089800000, 0x0000000089900000|  0%| F|  |TAMS 0x0000000089800000, 0x0000000089800000| Untracked 
| 101|0x0000000089900000, 0x0000000089900000, 0x0000000089a00000|  0%| F|  |TAMS 0x0000000089900000, 0x0000000089900000| Untracked 
| 102|0x0000000089a00000, 0x0000000089a00000, 0x0000000089b00000|  0%| F|  |TAMS 0x0000000089a00000, 0x0000000089a00000| Untracked 
| 103|0x0000000089b00000, 0x0000000089b00000, 0x0000000089c00000|  0%| F|  |TAMS 0x0000000089b00000, 0x0000000089b00000| Untracked 
| 104|0x0000000089c00000, 0x0000000089c00000, 0x0000000089d00000|  0%| F|  |TAMS 0x0000000089c00000, 0x0000000089c00000| Untracked 
| 105|0x0000000089d00000, 0x0000000089d00000, 0x0000000089e00000|  0%| F|  |TAMS 0x0000000089d00000, 0x0000000089d00000| Untracked 
| 106|0x0000000089e00000, 0x0000000089e00000, 0x0000000089f00000|  0%| F|  |TAMS 0x0000000089e00000, 0x0000000089e00000| Untracked 
| 107|0x0000000089f00000, 0x0000000089f00000, 0x000000008a000000|  0%| F|  |TAMS 0x0000000089f00000, 0x0000000089f00000| Untracked 
| 108|0x000000008a000000, 0x000000008a000000, 0x000000008a100000|  0%| F|  |TAMS 0x000000008a000000, 0x000000008a000000| Untracked 
| 109|0x000000008a100000, 0x000000008a100000, 0x000000008a200000|  0%| F|  |TAMS 0x000000008a100000, 0x000000008a100000| Untracked 
| 110|0x000000008a200000, 0x000000008a200000, 0x000000008a300000|  0%| F|  |TAMS 0x000000008a200000, 0x000000008a200000| Untracked 
| 111|0x000000008a300000, 0x000000008a300000, 0x000000008a400000|  0%| F|  |TAMS 0x000000008a300000, 0x000000008a300000| Untracked 
| 112|0x000000008a400000, 0x000000008a400000, 0x000000008a500000|  0%| F|  |TAMS 0x000000008a400000, 0x000000008a400000| Untracked 
| 113|0x000000008a500000, 0x000000008a500000, 0x000000008a600000|  0%| F|  |TAMS 0x000000008a500000, 0x000000008a500000| Untracked 
| 114|0x000000008a600000, 0x000000008a600000, 0x000000008a700000|  0%| F|  |TAMS 0x000000008a600000, 0x000000008a600000| Untracked 
| 115|0x000000008a700000, 0x000000008a700000, 0x000000008a800000|  0%| F|  |TAMS 0x000000008a700000, 0x000000008a700000| Untracked 
| 116|0x000000008a800000, 0x000000008a800000, 0x000000008a900000|  0%| F|  |TAMS 0x000000008a800000, 0x000000008a800000| Untracked 
| 117|0x000000008a900000, 0x000000008a900000, 0x000000008aa00000|  0%| F|  |TAMS 0x000000008a900000, 0x000000008a900000| Untracked 
| 118|0x000000008aa00000, 0x000000008aa00000, 0x000000008ab00000|  0%| F|  |TAMS 0x000000008aa00000, 0x000000008aa00000| Untracked 
| 119|0x000000008ab00000, 0x000000008ab00000, 0x000000008ac00000|  0%| F|  |TAMS 0x000000008ab00000, 0x000000008ab00000| Untracked 
| 120|0x000000008ac00000, 0x000000008ac00000, 0x000000008ad00000|  0%| F|  |TAMS 0x000000008ac00000, 0x000000008ac00000| Untracked 
| 121|0x000000008ad00000, 0x000000008ad00000, 0x000000008ae00000|  0%| F|  |TAMS 0x000000008ad00000, 0x000000008ad00000| Untracked 
| 122|0x000000008ae00000, 0x000000008ae00000, 0x000000008af00000|  0%| F|  |TAMS 0x000000008ae00000, 0x000000008ae00000| Untracked 
| 123|0x000000008af00000, 0x000000008af00000, 0x000000008b000000|  0%| F|  |TAMS 0x000000008af00000, 0x000000008af00000| Untracked 
| 124|0x000000008b000000, 0x000000008b000000, 0x000000008b100000|  0%| F|  |TAMS 0x000000008b000000, 0x000000008b000000| Untracked 
| 125|0x000000008b100000, 0x000000008b18f690, 0x000000008b200000| 56%| E|  |TAMS 0x000000008b100000, 0x000000008b100000| Complete 

Card table byte_map: [0x000002a6e36e0000,0x000002a6e3ad0000] _byte_map_base: 0x000002a6e32c6000

Marking Bits (Prev, Next): (CMBitMap*) 0x000002a6ce91d068, (CMBitMap*) 0x000002a6ce91d0a0
 Prev Bits: [0x000002a6e3ec0000, 0x000002a6e5df0000)
 Next Bits: [0x000002a6e5df0000, 0x000002a6e7d20000)

Polling page: 0x000002a6ce9c0000

Metaspace:

Usage:
  Non-class:      4.00 MB capacity,     2.07 MB ( 52%) used,     1.93 MB ( 48%) free+waste,    64 bytes ( <1%) overhead. 
      Class:    384.00 KB capacity,   192.55 KB ( 50%) used,   191.39 KB ( 50%) free+waste,    64 bytes ( <1%) overhead. 
       Both:      4.38 MB capacity,     2.26 MB ( 52%) used,     2.12 MB ( 48%) free+waste,   128 bytes ( <1%) overhead. 

Virtual space:
  Non-class space:        8.00 MB reserved,       4.00 MB ( 50%) committed 
      Class space:        1.00 GB reserved,     384.00 KB ( <1%) committed 
             Both:        1.01 GB reserved,       4.38 MB ( <1%) committed 

Chunk freelists:
   Non-Class:  0 bytes
       Class:  0 bytes
        Both:  0 bytes

MaxMetaspaceSize: 17179869184.00 GB
CompressedClassSpaceSize: 1.00 GB

CodeHeap 'non-profiled nmethods': size=120064Kb used=0Kb max_used=0Kb free=120064Kb
 bounds [0x000002a6db790000, 0x000002a6dba00000, 0x000002a6e2cd0000]
CodeHeap 'profiled nmethods': size=120000Kb used=0Kb max_used=0Kb free=120000Kb
 bounds [0x000002a6d4260000, 0x000002a6d44d0000, 0x000002a6db790000]
CodeHeap 'non-nmethods': size=5696Kb used=980Kb max_used=992Kb free=4715Kb
 bounds [0x000002a6d3cd0000, 0x000002a6d3f40000, 0x000002a6d4260000]
 total_blobs=212 nmethods=0 adapters=125
 compilation: enabled
              stopped_count=0, restarted_count=0
 full_count=0

Compilation events (0 events):
No events

GC Heap History (0 events):
No events

Deoptimization events (0 events):
No events

Classes redefined (0 events):
No events

Internal exceptions (0 events):
No events

Events (20 events):
Event: 0.045 loading class java/io/DefaultFileSystem done
Event: 0.045 loading class java/io/WinNTFileSystem
Event: 0.045 loading class java/io/FileSystem
Event: 0.045 loading class java/io/FileSystem done
Event: 0.045 loading class java/io/WinNTFileSystem done
Event: 0.045 loading class java/io/ExpiringCache
Event: 0.045 loading class java/io/ExpiringCache done
Event: 0.045 loading class java/io/ExpiringCache$1
Event: 0.045 loading class java/util/LinkedHashMap
Event: 0.045 loading class java/util/LinkedHashMap done
Event: 0.045 loading class java/io/ExpiringCache$1 done
Event: 0.046 loading class java/lang/IllegalArgumentException
Event: 0.046 loading class java/lang/IllegalArgumentException done
Event: 0.046 Thread 0x000002a6ead07000 Thread added: 0x000002a6ead07000
Event: 0.046 Thread 0x000002a6ead0a000 Thread added: 0x000002a6ead0a000
Event: 0.046 Thread 0x000002a6ead0c800 Thread added: 0x000002a6ead0c800
Event: 0.046 Thread 0x000002a6ead0f800 Thread added: 0x000002a6ead0f800
Event: 0.046 Thread 0x000002a6ea3a3800 Thread added: 0x000002a6ea3a3800
Event: 0.046 loading class java/lang/invoke/MethodHandleStatics
Event: 0.046 loading class java/lang/invoke/MethodHandleStatics done


Dynamic libraries:
0x00007ff6df5d0000 - 0x00007ff6df5da000 	C:\Program Files\JetBrains\PhpStorm 2020.3.2\jbr\bin\java.exe
0x00007ffebc510000 - 0x00007ffebc705000 	C:\WINDOWS\SYSTEM32\ntdll.dll
0x00007ffebc410000 - 0x00007ffebc4cd000 	C:\WINDOWS\System32\KERNEL32.DLL
0x00007ffeb9cf0000 - 0x00007ffeb9fb9000 	C:\WINDOWS\System32\KERNELBASE.dll
0x00007ffeba310000 - 0x00007ffeba410000 	C:\WINDOWS\System32\ucrtbase.dll
0x00007ffeb41b0000 - 0x00007ffeb41c9000 	C:\Program Files\JetBrains\PhpStorm 2020.3.2\jbr\bin\jli.dll
0x00007ffead350000 - 0x00007ffead367000 	C:\Program Files\JetBrains\PhpStorm 2020.3.2\jbr\bin\VCRUNTIME140.dll
0x00007ffebbbd0000 - 0x00007ffebbd70000 	C:\WINDOWS\System32\USER32.dll
0x00007ffeba2e0000 - 0x00007ffeba302000 	C:\WINDOWS\System32\win32u.dll
0x00007ffea9200000 - 0x00007ffea949a000 	C:\WINDOWS\WinSxS\amd64_microsoft.windows.common-controls_6595b64144ccf1df_6.0.19041.844_none_ca00b6081b84eb1d\COMCTL32.dll
0x00007ffebbba0000 - 0x00007ffebbbca000 	C:\WINDOWS\System32\GDI32.dll
0x00007ffeba8b0000 - 0x00007ffeba94e000 	C:\WINDOWS\System32\msvcrt.dll
0x00007ffeba1d0000 - 0x00007ffeba2db000 	C:\WINDOWS\System32\gdi32full.dll
0x00007ffeb9c50000 - 0x00007ffeb9ced000 	C:\WINDOWS\System32\msvcp_win.dll
0x00007ffebbdd0000 - 0x00007ffebbe00000 	C:\WINDOWS\System32\IMM32.DLL
0x00007ffe94e50000 - 0x00007ffe94eed000 	C:\Program Files\JetBrains\PhpStorm 2020.3.2\jbr\bin\msvcp140.dll
0x00007ffe76250000 - 0x00007ffe76d1e000 	C:\Program Files\JetBrains\PhpStorm 2020.3.2\jbr\bin\server\jvm.dll
0x00007ffeba670000 - 0x00007ffeba71c000 	C:\WINDOWS\System32\ADVAPI32.dll
0x00007ffebb530000 - 0x00007ffebb5cc000 	C:\WINDOWS\System32\sechost.dll
0x00007ffebba70000 - 0x00007ffebbb9b000 	C:\WINDOWS\System32\RPCRT4.dll
0x00007ffeba950000 - 0x00007ffeba958000 	C:\WINDOWS\System32\PSAPI.DLL
0x00007ffeaf7b0000 - 0x00007ffeaf7d7000 	C:\WINDOWS\SYSTEM32\WINMM.dll
0x00007ffe9f530000 - 0x00007ffe9f539000 	C:\WINDOWS\SYSTEM32\WSOCK32.dll
0x00007ffeb42f0000 - 0x00007ffeb42fa000 	C:\WINDOWS\SYSTEM32\VERSION.dll
0x00007ffeba960000 - 0x00007ffeba9cb000 	C:\WINDOWS\System32\WS2_32.dll
0x00007ffeb7ad0000 - 0x00007ffeb7ae2000 	C:\WINDOWS\SYSTEM32\kernel.appcore.dll
0x00007ffeb4280000 - 0x00007ffeb4291000 	C:\Program Files\JetBrains\PhpStorm 2020.3.2\jbr\bin\verify.dll
0x00007ffeb3a60000 - 0x00007ffeb3c44000 	C:\WINDOWS\SYSTEM32\DBGHELP.DLL
0x00007ffeb38b0000 - 0x00007ffeb38dc000 	C:\WINDOWS\SYSTEM32\dbgcore.DLL
0x00007ffeba010000 - 0x00007ffeba090000 	C:\WINDOWS\System32\bcryptPrimitives.dll
0x00007ffeb3520000 - 0x00007ffeb3549000 	C:\Program Files\JetBrains\PhpStorm 2020.3.2\jbr\bin\java.dll
0x00007ffeb22f0000 - 0x00007ffeb22fb000 	C:\Program Files\JetBrains\PhpStorm 2020.3.2\jbr\bin\jimage.dll
0x00007ffeb17d0000 - 0x00007ffeb17e8000 	C:\Program Files\JetBrains\PhpStorm 2020.3.2\jbr\bin\zip.dll
0x00007ffeba9d0000 - 0x00007ffebb112000 	C:\WINDOWS\System32\SHELL32.dll
0x00007ffeb7db0000 - 0x00007ffeb8540000 	C:\WINDOWS\SYSTEM32\windows.storage.dll
0x00007ffebb5d0000 - 0x00007ffebb925000 	C:\WINDOWS\System32\combase.dll
0x00007ffeb95f0000 - 0x00007ffeb961c000 	C:\WINDOWS\SYSTEM32\Wldp.dll
0x00007ffebbe00000 - 0x00007ffebbeae000 	C:\WINDOWS\System32\SHCORE.dll
0x00007ffeba730000 - 0x00007ffeba785000 	C:\WINDOWS\System32\shlwapi.dll
0x00007ffeb9b90000 - 0x00007ffeb9baf000 	C:\WINDOWS\SYSTEM32\profapi.dll

dbghelp: loaded successfully - version: 4.0.5 - missing functions: none
symbol engine: initialized successfully - sym options: 0x614 - pdb path: .;C:\Program Files\JetBrains\PhpStorm 2020.3.2\jbr\bin;C:\WINDOWS\SYSTEM32;C:\WINDOWS\WinSxS\amd64_microsoft.windows.common-controls_6595b64144ccf1df_6.0.19041.844_none_ca00b6081b84eb1d;C:\Program Files\JetBrains\PhpStorm 2020.3.2\jbr\bin\server

VM Arguments:
java_command: org.jetbrains.git4idea.http.GitAskPassApp Username for 'https://github.com': 
java_class_path (initial): C:/Program Files/JetBrains/PhpStorm 2020.3.2/plugins/git4idea/lib/git4idea-rt.jar;C:/Program Files/JetBrains/PhpStorm 2020.3.2/lib/xmlrpc-2.0.1.jar;C:/Program Files/JetBrains/PhpStorm 2020.3.2/lib/commons-codec-1.14.jar
Launcher Type: SUN_STANDARD

[Global flags]
     intx CICompilerCount                          = 3                                         {product} {ergonomic}
     uint ConcGCThreads                            = 1                                         {product} {ergonomic}
     uint G1ConcRefinementThreads                  = 4                                         {product} {ergonomic}
   size_t G1HeapRegionSize                         = 1048576                                   {product} {ergonomic}
    uintx GCDrainStackTargetSize                   = 64                                        {product} {ergonomic}
   size_t InitialHeapSize                          = 132120576                                 {product} {ergonomic}
   size_t MarkStackSize                            = 4194304                                   {product} {ergonomic}
   size_t MaxHeapSize                              = 2092957696                                {product} {ergonomic}
   size_t MaxNewSize                               = 1255145472                                {product} {ergonomic}
   size_t MinHeapDeltaBytes                        = 1048576                                   {product} {ergonomic}
    uintx NonNMethodCodeHeapSize                   = 5830732                                {pd product} {ergonomic}
    uintx NonProfiledCodeHeapSize                  = 122913754                              {pd product} {ergonomic}
    uintx ProfiledCodeHeapSize                     = 122913754                              {pd product} {ergonomic}
    uintx ReservedCodeCacheSize                    = 251658240                              {pd product} {ergonomic}
     bool SegmentedCodeCache                       = true                                      {product} {ergonomic}
     bool UseCompressedClassPointers               = true                                 {lp64_product} {ergonomic}
     bool UseCompressedOops                        = true                                 {lp64_product} {ergonomic}
     bool UseG1GC                                  = true                                      {product} {ergonomic}
     bool UseLargePagesIndividualAllocation        = false                                  {pd product} {ergonomic}

Logging:
Log output configuration:
 #0: stdout all=warning uptime,level,tags
 #1: stderr all=off uptime,level,tags

Environment Variables:
PATH=C:\Program Files\Git\mingw64\libexec\git-core;C:\Program Files\Git\mingw64\libexec\git-core;C:\Program Files\Git\mingw64\bin;C:\Program Files\Git\usr\bin;C:\Users\Admin\bin;C:\Python39\Scripts;C:\Python39;C:\Program Files\Common Files\Oracle\Java\javapath;C:\Program Files (x86)\Common Files\Oracle\Java\javapath;%SystemRoot%\system32;%SystemRoot%;%SystemRoot%\System32\Wbem;%SYSTEMROOT%\System32\WindowsPowerShell\v1.0;%SYSTEMROOT%\System32\OpenSSH;C:\Program Files\dotnet;C:\Users\Admin\AppData\Local\Programs\Python\Python38-32\Scripts;C:\Users\Admin\AppData\Local\Programs\Python\Python38-32;C:\Program Files\PuTTY;C:\composer;C:\Program Files\Git\cmd;C:\ProgramData\chocolatey\bin;C:\Program Files\nodejs;D:\OpenServer\modules\php\PHP_7.3;C:\Users\Admin\AppData\Local\Programs\Python\Python38-32\Scripts;C:\Users\Admin\AppData\Local\Programs\Python\Python38-32;C:\Users\Admin\AppData\Local\Microsoft\WindowsApps;C:\Users\Admin\AppData\Local\atom\bin;C:\Users\Admin\AppData\Local\Microsoft\WindowsApps;C:\Users\Admin\.dotnet\tools;D:\OpenServer\modules\php\PHP_7.3;C:\Program Files\JetBrains\PhpStorm 2020.1.4\bin;C:\Users\Admin\AppData\Roaming\Composer\vendor\bin;C:\Java\IntelliJ IDEA\IntelliJ IDEA 2020.2.1\bin;C:\Python27;C:\Python27\Scripts;C:\Program Files\wget;C:\Users\Admin\AppData\Roaming\npm;C:\Users\Admin\AppData\Local\GitHubDesktop\bin;C:\Program Files\JetBrains\PhpStorm 2020.3.2\bin
USERNAME=Admin
DISPLAY=:0.0
LC_ALL=en_US.UTF-8
OS=Windows_NT
PROCESSOR_IDENTIFIER=Intel64 Family 6 Model 126 Stepping 5, GenuineIntel



---------------  S Y S T E M  ---------------

OS: Windows 10 , 64 bit Build 19041 (10.0.19041.804)
OS uptime: 4 days 7:26 hours

CPU:total 4 (initial active 4) (2 cores per cpu, 2 threads per core) family 6 model 126 stepping 5, cmov, cx8, fxsr, mmx, sse, sse2, sse3, ssse3, sse4.1, sse4.2, popcnt, avx, avx2, aes, clmul, erms, 3dnowpref, lzcnt, ht, tsc, tscinvbit, bmi1, bmi2, adx, evex, sha, fma

Memory: 4k page, system-wide physical 7981M (2218M free)
TotalPageFile size 23077M (AvailPageFile size 3M)
current process WorkingSet (physical memory assigned to process): 26M, peak: 26M
current process commit charge ("private bytes"): 190M, peak: 190M

vm_info: OpenJDK 64-Bit Server VM (11.0.9.1+11-b1145.77) for windows-amd64 JRE (11.0.9.1+11-b1145.77), built on Jan 16 2021 05:14:13 by "" with MS VC++ 14.0 (VS2015)

END.
